<?xml version="1.0" encoding="UTF-8"?>
<!-- Generated by org.testng.reporters.JUnitReportReporter -->
<testsuite hostname="Akeem" failures="0" tests="6" name="testCases.loginTestCase" time="11.384" errors="0" timestamp="2023-03-26T18:55:20 CDT" skipped="0">
  <testcase classname="testCases.loginTestCase" name="browserOpen" time="3.959"/>
  <system-out/>
  <testcase classname="testCases.loginTestCase" name="url" time="1.156"/>
  <system-out/>
  <testcase classname="testCases.loginTestCase" name="account" time="0.084"/>
  <system-out/>
  <testcase classname="testCases.loginTestCase" name="testPage" time="0.440"/>
  <system-out/>
  <testcase classname="testCases.loginTestCase" name="loginTestPageFill" time="5.324"/>
  <system-out/>
  <testcase classname="testCases.loginTestCase" name="closedown" time="0.421"/>
  <system-out/>
</testsuite> <!-- testCases.loginTestCase -->
