<?xml version="1.0" encoding="UTF-8"?>
<!-- Generated by org.testng.reporters.JUnitReportReporter -->
<testsuite hostname="Akeem" failures="0" tests="5" name="testCases.homePage" time="11.783" errors="0" timestamp="2023-03-23T10:00:03 CDT" skipped="0">
  <testcase classname="testCases.homePage" name="browserOpen" time="4.024"/>
  <system-out/>
  <testcase classname="testCases.homePage" name="url" time="1.051"/>
  <system-out/>
  <testcase classname="testCases.homePage" name="account" time="0.280"/>
  <system-out/>
  <testcase classname="testCases.homePage" name="register" time="0.503"/>
  <system-out/>
  <testcase classname="testCases.homePage" name="fillform" time="5.925"/>
  <system-out/>
</testsuite> <!-- testCases.homePage -->
