<?xml version="1.0" encoding="UTF-8"?>
<!-- Generated by org.testng.reporters.JUnitReportReporter -->
<testsuite hostname="Akeem" failures="0" tests="20" name="testCases.signUpPageDataSet" time="136.831" errors="0" timestamp="2023-03-23T10:03:34 CDT" skipped="0">
  <testcase classname="testCases.signUpPageDataSet" name="browserOpen" time="4.360"/>
  <system-out/>
  <testcase classname="testCases.signUpPageDataSet" name="url" time="1.877"/>
  <system-out/>
  <testcase classname="testCases.signUpPageDataSet" name="account" time="0.276"/>
  <system-out/>
  <testcase classname="testCases.signUpPageDataSet" name="register" time="1.237"/>
  <system-out/>
  <testcase classname="testCases.signUpPageDataSet" name="registerAccountFill" time="8.411"/>
  <system-out/>
  <testcase classname="testCases.signUpPageDataSet" name="registerAccountFill" time="8.846"/>
  <system-out/>
  <testcase classname="testCases.signUpPageDataSet" name="registerAccountFill" time="8.485"/>
  <system-out/>
  <testcase classname="testCases.signUpPageDataSet" name="registerAccountFill" time="8.490"/>
  <system-out/>
  <testcase classname="testCases.signUpPageDataSet" name="registerAccountFill" time="8.452"/>
  <system-out/>
  <testcase classname="testCases.signUpPageDataSet" name="registerAccountFill" time="8.441"/>
  <system-out/>
  <testcase classname="testCases.signUpPageDataSet" name="registerAccountFill" time="8.469"/>
  <system-out/>
  <testcase classname="testCases.signUpPageDataSet" name="registerAccountFill" time="8.448"/>
  <system-out/>
  <testcase classname="testCases.signUpPageDataSet" name="registerAccountFill" time="8.500"/>
  <system-out/>
  <testcase classname="testCases.signUpPageDataSet" name="registerAccountFill" time="8.444"/>
  <system-out/>
  <testcase classname="testCases.signUpPageDataSet" name="registerAccountFill" time="8.435"/>
  <system-out/>
  <testcase classname="testCases.signUpPageDataSet" name="registerAccountFill" time="8.427"/>
  <system-out/>
  <testcase classname="testCases.signUpPageDataSet" name="registerAccountFill" time="8.459"/>
  <system-out/>
  <testcase classname="testCases.signUpPageDataSet" name="registerAccountFill" time="8.825"/>
  <system-out/>
  <testcase classname="testCases.signUpPageDataSet" name="registerAccountFill" time="8.440"/>
  <system-out/>
  <testcase classname="testCases.signUpPageDataSet" name="close" time="1.509"/>
  <system-out/>
</testsuite> <!-- testCases.signUpPageDataSet -->
